{"D:\\nodebird\\app.js": {"path":"D:\\nodebird\\app.js","statementMap":{"0":{"start":{"line":1,"column":16},"end":{"line":1,"column":34}},"1":{"start":{"line":2,"column":21},"end":{"line":2,"column":45}},"2":{"start":{"line":3,"column":15},"end":{"line":3,"column":32}},"3":{"start":{"line":4,"column":13},"end":{"line":4,"column":28}},"4":{"start":{"line":5,"column":16},"end":{"line":5,"column":42}},"5":{"start":{"line":6,"column":17},"end":{"line":6,"column":36}},"6":{"start":{"line":7,"column":15},"end":{"line":7,"column":32}},"7":{"start":{"line":8,"column":17},"end":{"line":8,"column":36}},"8":{"start":{"line":10,"column":0},"end":{"line":10,"column":16}},"9":{"start":{"line":11,"column":19},"end":{"line":11,"column":43}},"10":{"start":{"line":12,"column":19},"end":{"line":12,"column":43}},"11":{"start":{"line":13,"column":19},"end":{"line":13,"column":43}},"12":{"start":{"line":14,"column":19},"end":{"line":14,"column":43}},"13":{"start":{"line":15,"column":22},"end":{"line":15,"column":41}},"14":{"start":{"line":16,"column":23},"end":{"line":16,"column":44}},"15":{"start":{"line":19,"column":12},"end":{"line":19,"column":21}},"16":{"start":{"line":20,"column":0},"end":{"line":20,"column":17}},"17":{"start":{"line":21,"column":0},"end":{"line":21,"column":42}},"18":{"start":{"line":22,"column":0},"end":{"line":22,"column":31}},"19":{"start":{"line":23,"column":0},"end":{"line":26,"column":3}},"20":{"start":{"line":28,"column":0},"end":{"line":34,"column":3}},"21":{"start":{"line":30,"column":4},"end":{"line":30,"column":32}},"22":{"start":{"line":33,"column":4},"end":{"line":33,"column":23}},"23":{"start":{"line":36,"column":0},"end":{"line":36,"column":23}},"24":{"start":{"line":37,"column":0},"end":{"line":37,"column":56}},"25":{"start":{"line":38,"column":0},"end":{"line":38,"column":65}},"26":{"start":{"line":39,"column":0},"end":{"line":39,"column":24}},"27":{"start":{"line":40,"column":0},"end":{"line":40,"column":47}},"28":{"start":{"line":41,"column":0},"end":{"line":41,"column":49}},"29":{"start":{"line":42,"column":0},"end":{"line":50,"column":4}},"30":{"start":{"line":52,"column":0},"end":{"line":52,"column":31}},"31":{"start":{"line":53,"column":0},"end":{"line":53,"column":28}},"32":{"start":{"line":56,"column":0},"end":{"line":56,"column":25}},"33":{"start":{"line":57,"column":0},"end":{"line":57,"column":29}},"34":{"start":{"line":58,"column":0},"end":{"line":58,"column":28}},"35":{"start":{"line":59,"column":0},"end":{"line":59,"column":28}},"36":{"start":{"line":61,"column":0},"end":{"line":65,"column":3}},"37":{"start":{"line":62,"column":18},"end":{"line":62,"column":65}},"38":{"start":{"line":63,"column":4},"end":{"line":63,"column":23}},"39":{"start":{"line":64,"column":4},"end":{"line":64,"column":16}},"40":{"start":{"line":66,"column":0},"end":{"line":71,"column":3}},"41":{"start":{"line":67,"column":4},"end":{"line":67,"column":37}},"42":{"start":{"line":68,"column":4},"end":{"line":68,"column":72}},"43":{"start":{"line":69,"column":4},"end":{"line":69,"column":34}},"44":{"start":{"line":70,"column":4},"end":{"line":70,"column":24}},"45":{"start":{"line":73,"column":0},"end":{"line":73,"column":21}}},"fnMap":{"0":{"name":"(anonymous_0)","decl":{"start":{"line":29,"column":6},"end":{"line":29,"column":7}},"loc":{"start":{"line":29,"column":12},"end":{"line":31,"column":1}},"line":29},"1":{"name":"(anonymous_1)","decl":{"start":{"line":32,"column":7},"end":{"line":32,"column":8}},"loc":{"start":{"line":32,"column":16},"end":{"line":34,"column":1}},"line":32},"2":{"name":"(anonymous_2)","decl":{"start":{"line":61,"column":8},"end":{"line":61,"column":9}},"loc":{"start":{"line":61,"column":27},"end":{"line":65,"column":1}},"line":61},"3":{"name":"(anonymous_3)","decl":{"start":{"line":66,"column":8},"end":{"line":66,"column":9}},"loc":{"start":{"line":66,"column":33},"end":{"line":71,"column":1}},"line":66}},"branchMap":{"0":{"loc":{"start":{"line":21,"column":16},"end":{"line":21,"column":40}},"type":"binary-expr","locations":[{"start":{"line":21,"column":16},"end":{"line":21,"column":32}},{"start":{"line":21,"column":36},"end":{"line":21,"column":40}}],"line":21},"1":{"loc":{"start":{"line":68,"column":23},"end":{"line":68,"column":71}},"type":"cond-expr","locations":[{"start":{"line":68,"column":63},"end":{"line":68,"column":66}},{"start":{"line":68,"column":69},"end":{"line":68,"column":71}}],"line":68},"2":{"loc":{"start":{"line":69,"column":15},"end":{"line":69,"column":32}},"type":"binary-expr","locations":[{"start":{"line":69,"column":15},"end":{"line":69,"column":25}},{"start":{"line":69,"column":29},"end":{"line":69,"column":32}}],"line":69}},"s":{"0":1,"1":1,"2":1,"3":1,"4":1,"5":1,"6":1,"7":1,"8":1,"9":1,"10":1,"11":1,"12":1,"13":1,"14":1,"15":1,"16":1,"17":1,"18":1,"19":1,"20":1,"21":1,"22":0,"23":1,"24":1,"25":1,"26":1,"27":1,"28":1,"29":1,"30":1,"31":1,"32":1,"33":1,"34":1,"35":1,"36":1,"37":0,"38":0,"39":0,"40":1,"41":0,"42":0,"43":0,"44":0,"45":1},"f":{"0":1,"1":0,"2":0,"3":0},"b":{"0":[1,1],"1":[0,0],"2":[0,0]},"_coverageSchema":"1a1c01bbd47fc00a2c39e90264f33305004495a9","hash":"ed4a185d5a8bb85e8b620375b1e600a17aa01dc1"}
,"D:\\nodebird\\controllers\\user.js": {"path":"D:\\nodebird\\controllers\\user.js","statementMap":{"0":{"start":{"line":1,"column":13},"end":{"line":1,"column":38}},"1":{"start":{"line":3,"column":0},"end":{"line":16,"column":3}},"2":{"start":{"line":4,"column":4},"end":{"line":15,"column":5}},"3":{"start":{"line":5,"column":21},"end":{"line":5,"column":70}},"4":{"start":{"line":6,"column":8},"end":{"line":11,"column":9}},"5":{"start":{"line":7,"column":12},"end":{"line":7,"column":65}},"6":{"start":{"line":8,"column":12},"end":{"line":8,"column":32}},"7":{"start":{"line":10,"column":12},"end":{"line":10,"column":44}},"8":{"start":{"line":13,"column":8},"end":{"line":13,"column":29}},"9":{"start":{"line":14,"column":8},"end":{"line":14,"column":20}},"10":{"start":{"line":19,"column":1},"end":{"line":32,"column":2}},"11":{"start":{"line":20,"column":4},"end":{"line":31,"column":5}},"12":{"start":{"line":21,"column":21},"end":{"line":21,"column":70}},"13":{"start":{"line":22,"column":8},"end":{"line":27,"column":9}},"14":{"start":{"line":23,"column":12},"end":{"line":23,"column":68}},"15":{"start":{"line":24,"column":12},"end":{"line":24,"column":32}},"16":{"start":{"line":26,"column":12},"end":{"line":26,"column":52}},"17":{"start":{"line":29,"column":8},"end":{"line":29,"column":29}},"18":{"start":{"line":30,"column":8},"end":{"line":30,"column":20}}},"fnMap":{"0":{"name":"(anonymous_0)","decl":{"start":{"line":3,"column":23},"end":{"line":3,"column":24}},"loc":{"start":{"line":3,"column":49},"end":{"line":16,"column":2}},"line":3},"1":{"name":"(anonymous_1)","decl":{"start":{"line":19,"column":27},"end":{"line":19,"column":28}},"loc":{"start":{"line":19,"column":53},"end":{"line":32,"column":1}},"line":19}},"branchMap":{"0":{"loc":{"start":{"line":6,"column":8},"end":{"line":11,"column":9}},"type":"if","locations":[{"start":{"line":6,"column":8},"end":{"line":11,"column":9}},{"start":{"line":6,"column":8},"end":{"line":11,"column":9}}],"line":6},"1":{"loc":{"start":{"line":22,"column":8},"end":{"line":27,"column":9}},"type":"if","locations":[{"start":{"line":22,"column":8},"end":{"line":27,"column":9}},{"start":{"line":22,"column":8},"end":{"line":27,"column":9}}],"line":22}},"s":{"0":2,"1":2,"2":3,"3":3,"4":2,"5":1,"6":1,"7":1,"8":1,"9":1,"10":2,"11":3,"12":3,"13":2,"14":1,"15":1,"16":1,"17":1,"18":1},"f":{"0":3,"1":3},"b":{"0":[1,1],"1":[1,1]},"_coverageSchema":"1a1c01bbd47fc00a2c39e90264f33305004495a9","hash":"15c15d2b73e58e84c6efb7c85ad62524a137bfb6"}
,"D:\\nodebird\\models\\hashtag.js": {"path":"D:\\nodebird\\models\\hashtag.js","statementMap":{"0":{"start":{"line":1,"column":18},"end":{"line":1,"column":38}},"1":{"start":{"line":3,"column":0},"end":{"line":26,"column":2}},"2":{"start":{"line":5,"column":8},"end":{"line":20,"column":11}},"3":{"start":{"line":24,"column":8},"end":{"line":24,"column":69}}},"fnMap":{"0":{"name":"(anonymous_0)","decl":{"start":{"line":4,"column":4},"end":{"line":4,"column":5}},"loc":{"start":{"line":4,"column":27},"end":{"line":21,"column":5}},"line":4},"1":{"name":"(anonymous_1)","decl":{"start":{"line":23,"column":4},"end":{"line":23,"column":5}},"loc":{"start":{"line":23,"column":25},"end":{"line":25,"column":5}},"line":23}},"branchMap":{},"s":{"0":1,"1":1,"2":1,"3":1},"f":{"0":1,"1":1},"b":{},"_coverageSchema":"1a1c01bbd47fc00a2c39e90264f33305004495a9","hash":"f093da418d6a29f6d232b4c553d8f70dfa8143c0"}
,"D:\\nodebird\\models\\index.js": {"path":"D:\\nodebird\\models\\index.js","statementMap":{"0":{"start":{"line":3,"column":18},"end":{"line":3,"column":38}},"1":{"start":{"line":4,"column":12},"end":{"line":4,"column":49}},"2":{"start":{"line":5,"column":15},"end":{"line":5,"column":47}},"3":{"start":{"line":6,"column":13},"end":{"line":6,"column":30}},"4":{"start":{"line":7,"column":13},"end":{"line":7,"column":30}},"5":{"start":{"line":8,"column":16},"end":{"line":8,"column":36}},"6":{"start":{"line":10,"column":11},"end":{"line":10,"column":13}},"7":{"start":{"line":11,"column":18},"end":{"line":13,"column":1}},"8":{"start":{"line":32,"column":0},"end":{"line":36,"column":3}},"9":{"start":{"line":33,"column":2},"end":{"line":35,"column":3}},"10":{"start":{"line":34,"column":4},"end":{"line":34,"column":32}},"11":{"start":{"line":38,"column":0},"end":{"line":38,"column":25}},"12":{"start":{"line":39,"column":0},"end":{"line":39,"column":15}},"13":{"start":{"line":40,"column":0},"end":{"line":40,"column":15}},"14":{"start":{"line":41,"column":0},"end":{"line":41,"column":21}},"15":{"start":{"line":43,"column":0},"end":{"line":43,"column":21}},"16":{"start":{"line":44,"column":0},"end":{"line":44,"column":21}},"17":{"start":{"line":45,"column":0},"end":{"line":45,"column":24}},"18":{"start":{"line":47,"column":0},"end":{"line":47,"column":19}},"19":{"start":{"line":48,"column":0},"end":{"line":48,"column":19}},"20":{"start":{"line":49,"column":0},"end":{"line":49,"column":22}},"21":{"start":{"line":51,"column":0},"end":{"line":51,"column":20}}},"fnMap":{"0":{"name":"(anonymous_0)","decl":{"start":{"line":32,"column":24},"end":{"line":32,"column":25}},"loc":{"start":{"line":32,"column":37},"end":{"line":36,"column":1}},"line":32}},"branchMap":{"0":{"loc":{"start":{"line":4,"column":12},"end":{"line":4,"column":49}},"type":"binary-expr","locations":[{"start":{"line":4,"column":12},"end":{"line":4,"column":32}},{"start":{"line":4,"column":36},"end":{"line":4,"column":49}}],"line":4},"1":{"loc":{"start":{"line":33,"column":2},"end":{"line":35,"column":3}},"type":"if","locations":[{"start":{"line":33,"column":2},"end":{"line":35,"column":3}},{"start":{"line":33,"column":2},"end":{"line":35,"column":3}}],"line":33}},"s":{"0":1,"1":1,"2":1,"3":1,"4":1,"5":1,"6":1,"7":1,"8":1,"9":0,"10":0,"11":1,"12":1,"13":1,"14":1,"15":1,"16":1,"17":1,"18":1,"19":1,"20":1,"21":1},"f":{"0":0},"b":{"0":[1,0],"1":[0,0]},"_coverageSchema":"1a1c01bbd47fc00a2c39e90264f33305004495a9","hash":"b98f3fbfc9f83e67d200022807c4c57ab71d8997"}
,"D:\\nodebird\\models\\post.js": {"path":"D:\\nodebird\\models\\post.js","statementMap":{"0":{"start":{"line":1,"column":18},"end":{"line":1,"column":38}},"1":{"start":{"line":3,"column":0},"end":{"line":30,"column":2}},"2":{"start":{"line":5,"column":8},"end":{"line":23,"column":11}},"3":{"start":{"line":27,"column":8},"end":{"line":27,"column":35}},"4":{"start":{"line":28,"column":8},"end":{"line":28,"column":69}}},"fnMap":{"0":{"name":"(anonymous_0)","decl":{"start":{"line":4,"column":4},"end":{"line":4,"column":5}},"loc":{"start":{"line":4,"column":27},"end":{"line":24,"column":5}},"line":4},"1":{"name":"(anonymous_1)","decl":{"start":{"line":26,"column":4},"end":{"line":26,"column":5}},"loc":{"start":{"line":26,"column":25},"end":{"line":29,"column":5}},"line":26}},"branchMap":{},"s":{"0":1,"1":1,"2":1,"3":1,"4":1},"f":{"0":1,"1":1},"b":{},"_coverageSchema":"1a1c01bbd47fc00a2c39e90264f33305004495a9","hash":"1733a233244e1670f44903470b589dd7f03cde84"}
,"D:\\nodebird\\models\\user.js": {"path":"D:\\nodebird\\models\\user.js","statementMap":{"0":{"start":{"line":1,"column":18},"end":{"line":1,"column":38}},"1":{"start":{"line":3,"column":0},"end":{"line":54,"column":2}},"2":{"start":{"line":5,"column":8},"end":{"line":38,"column":11}},"3":{"start":{"line":42,"column":8},"end":{"line":42,"column":33}},"4":{"start":{"line":43,"column":8},"end":{"line":47,"column":11}},"5":{"start":{"line":48,"column":8},"end":{"line":52,"column":11}}},"fnMap":{"0":{"name":"(anonymous_0)","decl":{"start":{"line":4,"column":4},"end":{"line":4,"column":5}},"loc":{"start":{"line":4,"column":27},"end":{"line":39,"column":5}},"line":4},"1":{"name":"(anonymous_1)","decl":{"start":{"line":41,"column":4},"end":{"line":41,"column":5}},"loc":{"start":{"line":41,"column":25},"end":{"line":53,"column":5}},"line":41}},"branchMap":{},"s":{"0":3,"1":3,"2":2,"3":2,"4":2,"5":2},"f":{"0":2,"1":2},"b":{},"_coverageSchema":"1a1c01bbd47fc00a2c39e90264f33305004495a9","hash":"ab32a19ff65f50c3c9dcd1223874da9ef0373cfe"}
,"D:\\nodebird\\passport\\index.js": {"path":"D:\\nodebird\\passport\\index.js","statementMap":{"0":{"start":{"line":1,"column":17},"end":{"line":1,"column":36}},"1":{"start":{"line":2,"column":14},"end":{"line":2,"column":40}},"2":{"start":{"line":3,"column":14},"end":{"line":3,"column":40}},"3":{"start":{"line":4,"column":13},"end":{"line":4,"column":38}},"4":{"start":{"line":6,"column":0},"end":{"line":30,"column":2}},"5":{"start":{"line":7,"column":4},"end":{"line":9,"column":7}},"6":{"start":{"line":8,"column":8},"end":{"line":8,"column":28}},"7":{"start":{"line":11,"column":4},"end":{"line":26,"column":7}},"8":{"start":{"line":12,"column":8},"end":{"line":25,"column":37}},"9":{"start":{"line":24,"column":26},"end":{"line":24,"column":42}},"10":{"start":{"line":25,"column":26},"end":{"line":25,"column":35}},"11":{"start":{"line":28,"column":4},"end":{"line":28,"column":12}},"12":{"start":{"line":29,"column":4},"end":{"line":29,"column":12}}},"fnMap":{"0":{"name":"(anonymous_0)","decl":{"start":{"line":6,"column":17},"end":{"line":6,"column":18}},"loc":{"start":{"line":6,"column":23},"end":{"line":30,"column":1}},"line":6},"1":{"name":"(anonymous_1)","decl":{"start":{"line":7,"column":27},"end":{"line":7,"column":28}},"loc":{"start":{"line":7,"column":43},"end":{"line":9,"column":5}},"line":7},"2":{"name":"(anonymous_2)","decl":{"start":{"line":11,"column":29},"end":{"line":11,"column":30}},"loc":{"start":{"line":11,"column":43},"end":{"line":26,"column":5}},"line":11},"3":{"name":"(anonymous_3)","decl":{"start":{"line":24,"column":18},"end":{"line":24,"column":19}},"loc":{"start":{"line":24,"column":26},"end":{"line":24,"column":42}},"line":24},"4":{"name":"(anonymous_4)","decl":{"start":{"line":25,"column":19},"end":{"line":25,"column":20}},"loc":{"start":{"line":25,"column":26},"end":{"line":25,"column":35}},"line":25}},"branchMap":{},"s":{"0":1,"1":1,"2":1,"3":1,"4":1,"5":1,"6":4,"7":1,"8":3,"9":3,"10":0,"11":1,"12":1},"f":{"0":1,"1":4,"2":3,"3":3,"4":0},"b":{},"_coverageSchema":"1a1c01bbd47fc00a2c39e90264f33305004495a9","hash":"254a41da83c5fa9bb775dc072b0a1c243c685dc3"}
,"D:\\nodebird\\passport\\kakaoStrategy.js": {"path":"D:\\nodebird\\passport\\kakaoStrategy.js","statementMap":{"0":{"start":{"line":1,"column":17},"end":{"line":1,"column":36}},"1":{"start":{"line":2,"column":22},"end":{"line":2,"column":56}},"2":{"start":{"line":4,"column":13},"end":{"line":4,"column":38}},"3":{"start":{"line":6,"column":0},"end":{"line":33,"column":2}},"4":{"start":{"line":7,"column":4},"end":{"line":32,"column":9}},"5":{"start":{"line":11,"column":8},"end":{"line":11,"column":46}},"6":{"start":{"line":12,"column":8},"end":{"line":31,"column":9}},"7":{"start":{"line":13,"column":27},"end":{"line":15,"column":14}},"8":{"start":{"line":16,"column":12},"end":{"line":26,"column":13}},"9":{"start":{"line":17,"column":16},"end":{"line":17,"column":35}},"10":{"start":{"line":19,"column":32},"end":{"line":24,"column":18}},"11":{"start":{"line":25,"column":16},"end":{"line":25,"column":36}},"12":{"start":{"line":29,"column":12},"end":{"line":29,"column":33}},"13":{"start":{"line":30,"column":12},"end":{"line":30,"column":24}}},"fnMap":{"0":{"name":"(anonymous_0)","decl":{"start":{"line":6,"column":17},"end":{"line":6,"column":18}},"loc":{"start":{"line":6,"column":23},"end":{"line":33,"column":1}},"line":6},"1":{"name":"(anonymous_1)","decl":{"start":{"line":10,"column":7},"end":{"line":10,"column":8}},"loc":{"start":{"line":10,"column":59},"end":{"line":32,"column":6}},"line":10}},"branchMap":{"0":{"loc":{"start":{"line":16,"column":12},"end":{"line":26,"column":13}},"type":"if","locations":[{"start":{"line":16,"column":12},"end":{"line":26,"column":13}},{"start":{"line":16,"column":12},"end":{"line":26,"column":13}}],"line":16},"1":{"loc":{"start":{"line":20,"column":27},"end":{"line":20,"column":77}},"type":"binary-expr","locations":[{"start":{"line":20,"column":27},"end":{"line":20,"column":40}},{"start":{"line":20,"column":44},"end":{"line":20,"column":77}}],"line":20}},"s":{"0":1,"1":1,"2":1,"3":1,"4":1,"5":0,"6":0,"7":0,"8":0,"9":0,"10":0,"11":0,"12":0,"13":0},"f":{"0":1,"1":0},"b":{"0":[0,0],"1":[0,0]},"_coverageSchema":"1a1c01bbd47fc00a2c39e90264f33305004495a9","hash":"988010f7d1d3196ae3c033acb08db30744119e3e"}
,"D:\\nodebird\\passport\\localStrategy.js": {"path":"D:\\nodebird\\passport\\localStrategy.js","statementMap":{"0":{"start":{"line":1,"column":17},"end":{"line":1,"column":36}},"1":{"start":{"line":2,"column":21},"end":{"line":2,"column":55}},"2":{"start":{"line":3,"column":15},"end":{"line":3,"column":32}},"3":{"start":{"line":5,"column":13},"end":{"line":5,"column":38}},"4":{"start":{"line":6,"column":0},"end":{"line":28,"column":2}},"5":{"start":{"line":7,"column":4},"end":{"line":27,"column":8}},"6":{"start":{"line":11,"column":8},"end":{"line":26,"column":9}},"7":{"start":{"line":12,"column":27},"end":{"line":12,"column":65}},"8":{"start":{"line":13,"column":12},"end":{"line":22,"column":13}},"9":{"start":{"line":14,"column":31},"end":{"line":14,"column":78}},"10":{"start":{"line":15,"column":16},"end":{"line":19,"column":17}},"11":{"start":{"line":16,"column":20},"end":{"line":16,"column":39}},"12":{"start":{"line":18,"column":20},"end":{"line":18,"column":70}},"13":{"start":{"line":21,"column":16},"end":{"line":21,"column":65}},"14":{"start":{"line":24,"column":12},"end":{"line":24,"column":33}},"15":{"start":{"line":25,"column":12},"end":{"line":25,"column":24}}},"fnMap":{"0":{"name":"(anonymous_0)","decl":{"start":{"line":6,"column":17},"end":{"line":6,"column":18}},"loc":{"start":{"line":6,"column":23},"end":{"line":28,"column":1}},"line":6},"1":{"name":"(anonymous_1)","decl":{"start":{"line":10,"column":7},"end":{"line":10,"column":8}},"loc":{"start":{"line":10,"column":40},"end":{"line":27,"column":5}},"line":10}},"branchMap":{"0":{"loc":{"start":{"line":13,"column":12},"end":{"line":22,"column":13}},"type":"if","locations":[{"start":{"line":13,"column":12},"end":{"line":22,"column":13}},{"start":{"line":13,"column":12},"end":{"line":22,"column":13}}],"line":13},"1":{"loc":{"start":{"line":15,"column":16},"end":{"line":19,"column":17}},"type":"if","locations":[{"start":{"line":15,"column":16},"end":{"line":19,"column":17}},{"start":{"line":15,"column":16},"end":{"line":19,"column":17}}],"line":15}},"s":{"0":1,"1":1,"2":1,"3":1,"4":1,"5":1,"6":5,"7":5,"8":5,"9":5,"10":5,"11":4,"12":1,"13":0,"14":0,"15":0},"f":{"0":1,"1":5},"b":{"0":[5,0],"1":[4,1]},"_coverageSchema":"1a1c01bbd47fc00a2c39e90264f33305004495a9","hash":"c6ccc94efba5b52313187be49dc38880bcc17093"}
,"D:\\nodebird\\routes\\auth.js": {"path":"D:\\nodebird\\routes\\auth.js","statementMap":{"0":{"start":{"line":1,"column":17},"end":{"line":1,"column":35}},"1":{"start":{"line":2,"column":17},"end":{"line":2,"column":36}},"2":{"start":{"line":3,"column":15},"end":{"line":3,"column":32}},"3":{"start":{"line":4,"column":38},"end":{"line":4,"column":62}},"4":{"start":{"line":5,"column":13},"end":{"line":5,"column":38}},"5":{"start":{"line":7,"column":15},"end":{"line":7,"column":31}},"6":{"start":{"line":9,"column":0},"end":{"line":27,"column":3}},"7":{"start":{"line":10,"column":37},"end":{"line":10,"column":45}},"8":{"start":{"line":11,"column":4},"end":{"line":26,"column":5}},"9":{"start":{"line":12,"column":23},"end":{"line":12,"column":61}},"10":{"start":{"line":13,"column":8},"end":{"line":15,"column":9}},"11":{"start":{"line":14,"column":12},"end":{"line":14,"column":53}},"12":{"start":{"line":16,"column":21},"end":{"line":16,"column":52}},"13":{"start":{"line":17,"column":8},"end":{"line":21,"column":11}},"14":{"start":{"line":22,"column":8},"end":{"line":22,"column":33}},"15":{"start":{"line":24,"column":8},"end":{"line":24,"column":29}},"16":{"start":{"line":25,"column":8},"end":{"line":25,"column":27}},"17":{"start":{"line":32,"column":0},"end":{"line":49,"column":3}},"18":{"start":{"line":33,"column":4},"end":{"line":48,"column":23}},"19":{"start":{"line":34,"column":8},"end":{"line":37,"column":9}},"20":{"start":{"line":35,"column":12},"end":{"line":35,"column":37}},"21":{"start":{"line":36,"column":12},"end":{"line":36,"column":35}},"22":{"start":{"line":38,"column":8},"end":{"line":40,"column":9}},"23":{"start":{"line":39,"column":12},"end":{"line":39,"column":64}},"24":{"start":{"line":41,"column":8},"end":{"line":47,"column":11}},"25":{"start":{"line":42,"column":12},"end":{"line":45,"column":13}},"26":{"start":{"line":43,"column":16},"end":{"line":43,"column":42}},"27":{"start":{"line":44,"column":16},"end":{"line":44,"column":40}},"28":{"start":{"line":46,"column":12},"end":{"line":46,"column":37}},"29":{"start":{"line":51,"column":0},"end":{"line":55,"column":3}},"30":{"start":{"line":52,"column":4},"end":{"line":52,"column":17}},"31":{"start":{"line":53,"column":4},"end":{"line":53,"column":26}},"32":{"start":{"line":54,"column":4},"end":{"line":54,"column":22}},"33":{"start":{"line":57,"column":0},"end":{"line":57,"column":53}},"34":{"start":{"line":59,"column":0},"end":{"line":63,"column":3}},"35":{"start":{"line":62,"column":4},"end":{"line":62,"column":22}},"36":{"start":{"line":65,"column":0},"end":{"line":65,"column":24}}},"fnMap":{"0":{"name":"(anonymous_0)","decl":{"start":{"line":9,"column":36},"end":{"line":9,"column":37}},"loc":{"start":{"line":9,"column":63},"end":{"line":27,"column":1}},"line":9},"1":{"name":"(anonymous_1)","decl":{"start":{"line":32,"column":37},"end":{"line":32,"column":38}},"loc":{"start":{"line":32,"column":57},"end":{"line":49,"column":1}},"line":32},"2":{"name":"(anonymous_2)","decl":{"start":{"line":33,"column":35},"end":{"line":33,"column":36}},"loc":{"start":{"line":33,"column":62},"end":{"line":48,"column":5}},"line":33},"3":{"name":"(anonymous_3)","decl":{"start":{"line":41,"column":31},"end":{"line":41,"column":32}},"loc":{"start":{"line":41,"column":47},"end":{"line":47,"column":9}},"line":41},"4":{"name":"(anonymous_4)","decl":{"start":{"line":51,"column":34},"end":{"line":51,"column":35}},"loc":{"start":{"line":51,"column":48},"end":{"line":55,"column":1}},"line":51},"5":{"name":"(anonymous_5)","decl":{"start":{"line":61,"column":4},"end":{"line":61,"column":5}},"loc":{"start":{"line":61,"column":18},"end":{"line":63,"column":1}},"line":61}},"branchMap":{"0":{"loc":{"start":{"line":13,"column":8},"end":{"line":15,"column":9}},"type":"if","locations":[{"start":{"line":13,"column":8},"end":{"line":15,"column":9}},{"start":{"line":13,"column":8},"end":{"line":15,"column":9}}],"line":13},"1":{"loc":{"start":{"line":34,"column":8},"end":{"line":37,"column":9}},"type":"if","locations":[{"start":{"line":34,"column":8},"end":{"line":37,"column":9}},{"start":{"line":34,"column":8},"end":{"line":37,"column":9}}],"line":34},"2":{"loc":{"start":{"line":38,"column":8},"end":{"line":40,"column":9}},"type":"if","locations":[{"start":{"line":38,"column":8},"end":{"line":40,"column":9}},{"start":{"line":38,"column":8},"end":{"line":40,"column":9}}],"line":38},"3":{"loc":{"start":{"line":42,"column":12},"end":{"line":45,"column":13}},"type":"if","locations":[{"start":{"line":42,"column":12},"end":{"line":45,"column":13}},{"start":{"line":42,"column":12},"end":{"line":45,"column":13}}],"line":42}},"s":{"0":1,"1":1,"2":1,"3":1,"4":1,"5":1,"6":1,"7":1,"8":1,"9":1,"10":1,"11":0,"12":1,"13":1,"14":1,"15":0,"16":0,"17":1,"18":5,"19":5,"20":0,"21":0,"22":5,"23":1,"24":4,"25":4,"26":0,"27":0,"28":4,"29":1,"30":1,"31":1,"32":1,"33":1,"34":1,"35":0,"36":1},"f":{"0":1,"1":5,"2":5,"3":4,"4":1,"5":0},"b":{"0":[0,1],"1":[0,5],"2":[1,4],"3":[0,4]},"_coverageSchema":"1a1c01bbd47fc00a2c39e90264f33305004495a9","hash":"e23073230e1b891c6e1919eb4ac56d739e8e3baa"}
,"D:\\nodebird\\routes\\middlewares.js": {"path":"D:\\nodebird\\routes\\middlewares.js","statementMap":{"0":{"start":{"line":1,"column":0},"end":{"line":7,"column":2}},"1":{"start":{"line":2,"column":4},"end":{"line":6,"column":5}},"2":{"start":{"line":3,"column":8},"end":{"line":3,"column":15}},"3":{"start":{"line":5,"column":8},"end":{"line":5,"column":39}},"4":{"start":{"line":9,"column":0},"end":{"line":16,"column":2}},"5":{"start":{"line":10,"column":4},"end":{"line":15,"column":5}},"6":{"start":{"line":11,"column":8},"end":{"line":11,"column":15}},"7":{"start":{"line":13,"column":24},"end":{"line":13,"column":57}},"8":{"start":{"line":14,"column":8},"end":{"line":14,"column":43}}},"fnMap":{"0":{"name":"(anonymous_0)","decl":{"start":{"line":1,"column":21},"end":{"line":1,"column":22}},"loc":{"start":{"line":1,"column":41},"end":{"line":7,"column":1}},"line":1},"1":{"name":"(anonymous_1)","decl":{"start":{"line":9,"column":24},"end":{"line":9,"column":25}},"loc":{"start":{"line":9,"column":44},"end":{"line":16,"column":1}},"line":9}},"branchMap":{"0":{"loc":{"start":{"line":2,"column":4},"end":{"line":6,"column":5}},"type":"if","locations":[{"start":{"line":2,"column":4},"end":{"line":6,"column":5}},{"start":{"line":2,"column":4},"end":{"line":6,"column":5}}],"line":2},"1":{"loc":{"start":{"line":10,"column":4},"end":{"line":15,"column":5}},"type":"if","locations":[{"start":{"line":10,"column":4},"end":{"line":15,"column":5}},{"start":{"line":10,"column":4},"end":{"line":15,"column":5}}],"line":10}},"s":{"0":2,"1":4,"2":2,"3":2,"4":2,"5":10,"6":7,"7":3,"8":3},"f":{"0":4,"1":10},"b":{"0":[2,2],"1":[7,3]},"_coverageSchema":"1a1c01bbd47fc00a2c39e90264f33305004495a9","hash":"de0e5d512b60bfbf702d312ea2d59aefc99d1c0f"}
,"D:\\nodebird\\routes\\page.js": {"path":"D:\\nodebird\\routes\\page.js","statementMap":{"0":{"start":{"line":1,"column":16},"end":{"line":1,"column":34}},"1":{"start":{"line":2,"column":38},"end":{"line":2,"column":62}},"2":{"start":{"line":3,"column":32},"end":{"line":3,"column":52}},"3":{"start":{"line":5,"column":15},"end":{"line":5,"column":31}},"4":{"start":{"line":7,"column":0},"end":{"line":14,"column":3}},"5":{"start":{"line":8,"column":4},"end":{"line":8,"column":31}},"6":{"start":{"line":10,"column":4},"end":{"line":10,"column":72}},"7":{"start":{"line":11,"column":4},"end":{"line":11,"column":74}},"8":{"start":{"line":12,"column":4},"end":{"line":12,"column":83}},"9":{"start":{"line":12,"column":72},"end":{"line":12,"column":76}},"10":{"start":{"line":13,"column":4},"end":{"line":13,"column":11}},"11":{"start":{"line":16,"column":0},"end":{"line":18,"column":3}},"12":{"start":{"line":17,"column":4},"end":{"line":17,"column":55}},"13":{"start":{"line":20,"column":0},"end":{"line":22,"column":3}},"14":{"start":{"line":21,"column":4},"end":{"line":21,"column":53}},"15":{"start":{"line":28,"column":0},"end":{"line":45,"column":3}},"16":{"start":{"line":29,"column":4},"end":{"line":44,"column":1}},"17":{"start":{"line":30,"column":22},"end":{"line":36,"column":10}},"18":{"start":{"line":37,"column":9},"end":{"line":40,"column":12}},"19":{"start":{"line":42,"column":8},"end":{"line":42,"column":27}},"20":{"start":{"line":43,"column":8},"end":{"line":43,"column":18}},"21":{"start":{"line":47,"column":0},"end":{"line":67,"column":3}},"22":{"start":{"line":48,"column":17},"end":{"line":48,"column":34}},"23":{"start":{"line":49,"column":4},"end":{"line":51,"column":5}},"24":{"start":{"line":50,"column":8},"end":{"line":50,"column":33}},"25":{"start":{"line":52,"column":4},"end":{"line":66,"column":5}},"26":{"start":{"line":53,"column":24},"end":{"line":53,"column":74}},"27":{"start":{"line":54,"column":20},"end":{"line":54,"column":22}},"28":{"start":{"line":55,"column":8},"end":{"line":57,"column":9}},"29":{"start":{"line":56,"column":12},"end":{"line":56,"column":75}},"30":{"start":{"line":59,"column":8},"end":{"line":62,"column":11}},"31":{"start":{"line":64,"column":8},"end":{"line":64,"column":29}},"32":{"start":{"line":65,"column":8},"end":{"line":65,"column":27}},"33":{"start":{"line":69,"column":0},"end":{"line":69,"column":24}}},"fnMap":{"0":{"name":"(anonymous_0)","decl":{"start":{"line":7,"column":11},"end":{"line":7,"column":12}},"loc":{"start":{"line":7,"column":31},"end":{"line":14,"column":1}},"line":7},"1":{"name":"(anonymous_1)","decl":{"start":{"line":12,"column":67},"end":{"line":12,"column":68}},"loc":{"start":{"line":12,"column":72},"end":{"line":12,"column":76}},"line":12},"2":{"name":"(anonymous_2)","decl":{"start":{"line":16,"column":35},"end":{"line":16,"column":36}},"loc":{"start":{"line":16,"column":49},"end":{"line":18,"column":1}},"line":16},"3":{"name":"(anonymous_3)","decl":{"start":{"line":20,"column":35},"end":{"line":20,"column":36}},"loc":{"start":{"line":20,"column":49},"end":{"line":22,"column":1}},"line":20},"4":{"name":"(anonymous_4)","decl":{"start":{"line":28,"column":16},"end":{"line":28,"column":17}},"loc":{"start":{"line":28,"column":42},"end":{"line":45,"column":1}},"line":28},"5":{"name":"(anonymous_5)","decl":{"start":{"line":47,"column":23},"end":{"line":47,"column":24}},"loc":{"start":{"line":47,"column":49},"end":{"line":67,"column":1}},"line":47}},"branchMap":{"0":{"loc":{"start":{"line":10,"column":31},"end":{"line":10,"column":71}},"type":"cond-expr","locations":[{"start":{"line":10,"column":42},"end":{"line":10,"column":67}},{"start":{"line":10,"column":70},"end":{"line":10,"column":71}}],"line":10},"1":{"loc":{"start":{"line":11,"column":32},"end":{"line":11,"column":73}},"type":"cond-expr","locations":[{"start":{"line":11,"column":43},"end":{"line":11,"column":69}},{"start":{"line":11,"column":72},"end":{"line":11,"column":73}}],"line":11},"2":{"loc":{"start":{"line":12,"column":32},"end":{"line":12,"column":82}},"type":"cond-expr","locations":[{"start":{"line":12,"column":43},"end":{"line":12,"column":77}},{"start":{"line":12,"column":80},"end":{"line":12,"column":82}}],"line":12},"3":{"loc":{"start":{"line":49,"column":4},"end":{"line":51,"column":5}},"type":"if","locations":[{"start":{"line":49,"column":4},"end":{"line":51,"column":5}},{"start":{"line":49,"column":4},"end":{"line":51,"column":5}}],"line":49},"4":{"loc":{"start":{"line":55,"column":8},"end":{"line":57,"column":9}},"type":"if","locations":[{"start":{"line":55,"column":8},"end":{"line":57,"column":9}},{"start":{"line":55,"column":8},"end":{"line":57,"column":9}}],"line":55}},"s":{"0":1,"1":1,"2":1,"3":1,"4":1,"5":10,"6":10,"7":10,"8":10,"9":0,"10":10,"11":1,"12":0,"13":1,"14":0,"15":1,"16":0,"17":0,"18":0,"19":0,"20":0,"21":1,"22":0,"23":0,"24":0,"25":0,"26":0,"27":0,"28":0,"29":0,"30":0,"31":0,"32":0,"33":1},"f":{"0":10,"1":0,"2":0,"3":0,"4":0,"5":0},"b":{"0":[3,7],"1":[3,7],"2":[3,7],"3":[0,0],"4":[0,0]},"_coverageSchema":"1a1c01bbd47fc00a2c39e90264f33305004495a9","hash":"a6c5439b3fac791a3e3924d187325f830ecc4769"}
,"D:\\nodebird\\routes\\post.js": {"path":"D:\\nodebird\\routes\\post.js","statementMap":{"0":{"start":{"line":1,"column":16},"end":{"line":1,"column":34}},"1":{"start":{"line":2,"column":15},"end":{"line":2,"column":32}},"2":{"start":{"line":3,"column":13},"end":{"line":3,"column":28}},"3":{"start":{"line":4,"column":11},"end":{"line":4,"column":24}},"4":{"start":{"line":6,"column":26},"end":{"line":6,"column":46}},"5":{"start":{"line":7,"column":23},"end":{"line":7,"column":47}},"6":{"start":{"line":9,"column":15},"end":{"line":9,"column":31}},"7":{"start":{"line":11,"column":0},"end":{"line":16,"column":1}},"8":{"start":{"line":12,"column":4},"end":{"line":12,"column":30}},"9":{"start":{"line":14,"column":4},"end":{"line":14,"column":55}},"10":{"start":{"line":15,"column":4},"end":{"line":15,"column":28}},"11":{"start":{"line":18,"column":15},"end":{"line":29,"column":2}},"12":{"start":{"line":21,"column":12},"end":{"line":21,"column":33}},"13":{"start":{"line":24,"column":24},"end":{"line":24,"column":55}},"14":{"start":{"line":25,"column":12},"end":{"line":25,"column":79}},"15":{"start":{"line":31,"column":0},"end":{"line":34,"column":3}},"16":{"start":{"line":32,"column":4},"end":{"line":32,"column":26}},"17":{"start":{"line":33,"column":4},"end":{"line":33,"column":51}},"18":{"start":{"line":37,"column":16},"end":{"line":37,"column":24}},"19":{"start":{"line":38,"column":0},"end":{"line":61,"column":3}},"20":{"start":{"line":39,"column":4},"end":{"line":60,"column":5}},"21":{"start":{"line":40,"column":22},"end":{"line":44,"column":10}},"22":{"start":{"line":45,"column":25},"end":{"line":45,"column":60}},"23":{"start":{"line":46,"column":8},"end":{"line":55,"column":9}},"24":{"start":{"line":47,"column":27},"end":{"line":53,"column":13}},"25":{"start":{"line":49,"column":20},"end":{"line":51,"column":22}},"26":{"start":{"line":54,"column":12},"end":{"line":54,"column":58}},"27":{"start":{"line":54,"column":51},"end":{"line":54,"column":55}},"28":{"start":{"line":56,"column":8},"end":{"line":56,"column":26}},"29":{"start":{"line":58,"column":8},"end":{"line":58,"column":29}},"30":{"start":{"line":59,"column":8},"end":{"line":59,"column":20}},"31":{"start":{"line":64,"column":0},"end":{"line":77,"column":3}},"32":{"start":{"line":65,"column":4},"end":{"line":76,"column":5}},"33":{"start":{"line":66,"column":23},"end":{"line":66,"column":75}},"34":{"start":{"line":67,"column":8},"end":{"line":71,"column":9}},"35":{"start":{"line":68,"column":12},"end":{"line":70,"column":15}},"36":{"start":{"line":72,"column":8},"end":{"line":72,"column":27}},"37":{"start":{"line":74,"column":8},"end":{"line":74,"column":29}},"38":{"start":{"line":75,"column":8},"end":{"line":75,"column":20}},"39":{"start":{"line":79,"column":0},"end":{"line":79,"column":24}}},"fnMap":{"0":{"name":"(anonymous_0)","decl":{"start":{"line":20,"column":8},"end":{"line":20,"column":9}},"loc":{"start":{"line":20,"column":35},"end":{"line":22,"column":9}},"line":20},"1":{"name":"(anonymous_1)","decl":{"start":{"line":23,"column":8},"end":{"line":23,"column":9}},"loc":{"start":{"line":23,"column":32},"end":{"line":26,"column":9}},"line":23},"2":{"name":"(anonymous_2)","decl":{"start":{"line":31,"column":54},"end":{"line":31,"column":55}},"loc":{"start":{"line":31,"column":67},"end":{"line":34,"column":1}},"line":31},"3":{"name":"(anonymous_3)","decl":{"start":{"line":38,"column":45},"end":{"line":38,"column":46}},"loc":{"start":{"line":38,"column":71},"end":{"line":61,"column":1}},"line":38},"4":{"name":"(anonymous_4)","decl":{"start":{"line":48,"column":29},"end":{"line":48,"column":30}},"loc":{"start":{"line":48,"column":36},"end":{"line":52,"column":17}},"line":48},"5":{"name":"(anonymous_5)","decl":{"start":{"line":54,"column":46},"end":{"line":54,"column":47}},"loc":{"start":{"line":54,"column":51},"end":{"line":54,"column":55}},"line":54},"6":{"name":"(anonymous_6)","decl":{"start":{"line":64,"column":41},"end":{"line":64,"column":42}},"loc":{"start":{"line":64,"column":66},"end":{"line":77,"column":1}},"line":64}},"branchMap":{"0":{"loc":{"start":{"line":46,"column":8},"end":{"line":55,"column":9}},"type":"if","locations":[{"start":{"line":46,"column":8},"end":{"line":55,"column":9}},{"start":{"line":46,"column":8},"end":{"line":55,"column":9}}],"line":46},"1":{"loc":{"start":{"line":67,"column":8},"end":{"line":71,"column":9}},"type":"if","locations":[{"start":{"line":67,"column":8},"end":{"line":71,"column":9}},{"start":{"line":67,"column":8},"end":{"line":71,"column":9}}],"line":67}},"s":{"0":1,"1":1,"2":1,"3":1,"4":1,"5":1,"6":1,"7":1,"8":1,"9":0,"10":0,"11":1,"12":0,"13":0,"14":0,"15":1,"16":0,"17":0,"18":1,"19":1,"20":0,"21":0,"22":0,"23":0,"24":0,"25":0,"26":0,"27":0,"28":0,"29":0,"30":0,"31":1,"32":0,"33":0,"34":0,"35":0,"36":0,"37":0,"38":0,"39":1},"f":{"0":0,"1":0,"2":0,"3":0,"4":0,"5":0,"6":0},"b":{"0":[0,0],"1":[0,0]},"_coverageSchema":"1a1c01bbd47fc00a2c39e90264f33305004495a9","hash":"089dd6d57c102213eb7c8e69840b1cac09743a8d"}
,"D:\\nodebird\\routes\\user.js": {"path":"D:\\nodebird\\routes\\user.js","statementMap":{"0":{"start":{"line":1,"column":16},"end":{"line":1,"column":34}},"1":{"start":{"line":3,"column":23},"end":{"line":3,"column":47}},"2":{"start":{"line":4,"column":42},"end":{"line":4,"column":72}},"3":{"start":{"line":7,"column":15},"end":{"line":7,"column":31}},"4":{"start":{"line":9,"column":0},"end":{"line":9,"column":54}},"5":{"start":{"line":28,"column":0},"end":{"line":28,"column":60}},"6":{"start":{"line":76,"column":0},"end":{"line":76,"column":24}}},"fnMap":{},"branchMap":{},"s":{"0":1,"1":1,"2":1,"3":1,"4":1,"5":1,"6":1},"f":{},"b":{},"_coverageSchema":"1a1c01bbd47fc00a2c39e90264f33305004495a9","hash":"9f2a2fc6c4a141c347fa53283bfa677411999f48"}
}
